<?xml version="1.0" encoding="UTF-8"?>
<!-- Generated by org.testng.reporters.JUnitXMLReporter -->
<testsuite ignored="2" hostname="TOC2LTMHALSAYED" failures="0" tests="3" name="Surefire test" time="31.873" errors="0" timestamp="2026-04-07T12:28:08 AST">
  <testcase classname="tests.LoginTest" name="testSuccessfulLogin" time="6.72"/>
  <testcase classname="tests.LoginTest" name="testInvalidCredentials" time="3.369"/>
  <testcase classname="tests.LoginTest" name="testEmptyFields" time="6.582"/>
  <testcase classname="tests.BaseTest" name="@BeforeSuite beforeSuite" time="0.0">
    <ignored/>
  </testcase> <!-- @BeforeSuite beforeSuite -->
  <testcase classname="tests.BaseTest" name="@AfterSuite afterSuite" time="0.0">
    <ignored/>
  </testcase> <!-- @AfterSuite afterSuite -->
</testsuite> <!-- Surefire test -->
