<?xml version="1.0" encoding="UTF-8"?>
<!-- Generated by org.testng.reporters.JUnitXMLReporter -->
<testsuite ignored="2" hostname="TOC2LTMHALSAYED" failures="0" tests="3" name="Surefire test" time="32.036" errors="0" timestamp="2026-04-06T15:07:45 AST">
  <testcase classname="tests.LoginTest" name="testSuccessfulLogin" time="6.286"/>
  <testcase classname="tests.LoginTest" name="testInvalidCredentials" time="3.192"/>
  <testcase classname="tests.LoginTest" name="testEmptyFields" time="7.044"/>
  <testcase classname="tests.BaseTest" name="@BeforeSuite beforeSuite" time="0.0">
    <ignored/>
  </testcase> <!-- @BeforeSuite beforeSuite -->
  <testcase classname="tests.BaseTest" name="@AfterSuite afterSuite" time="0.0">
    <ignored/>
  </testcase> <!-- @AfterSuite afterSuite -->
</testsuite> <!-- Surefire test -->
