<?xml version="1.0" encoding="UTF-8"?>
<testng-results ignored="0" total="3" passed="3" failed="0" skipped="0">
  <reporter-output>
  </reporter-output>
  <suite started-at="2026-04-06T15:07:13 AST" name="Surefire suite" finished-at="2026-04-06T15:07:45 AST" duration-ms="32036">
    <groups>
    </groups>
    <test started-at="2026-04-06T15:07:13 AST" name="Surefire test" finished-at="2026-04-06T15:07:45 AST" duration-ms="32036">
      <class name="tests.LoginTest">
        <test-method is-config="true" signature="setUp(java.lang.reflect.Method)[pri:0, instance:tests.LoginTest@22a637e7]" started-at="2026-04-06T15:07:13 AST" name="setUp" finished-at="2026-04-06T15:07:19 AST" duration-ms="5570" status="PASS">
          <params>
            <param index="0">
              <value>
                <![CDATA[public void tests.LoginTest.testSuccessfulLogin()]]>
              </value>
            </param>
          </params>
          <reporter-output>
          </reporter-output>
        </test-method> <!-- setUp -->
        <test-method signature="testSuccessfulLogin()[pri:1, instance:tests.LoginTest@22a637e7]" started-at="2026-04-06T15:07:19 AST" name="testSuccessfulLogin" description="Test successful login with valid credentials" finished-at="2026-04-06T15:07:25 AST" duration-ms="6286" status="PASS">
          <reporter-output>
          </reporter-output>
        </test-method> <!-- testSuccessfulLogin -->
        <test-method is-config="true" signature="tearDown(org.testng.ITestResult)[pri:0, instance:tests.LoginTest@22a637e7]" started-at="2026-04-06T15:07:25 AST" name="tearDown" finished-at="2026-04-06T15:07:26 AST" duration-ms="555" status="PASS">
          <params>
            <param index="0">
              <value>
                <![CDATA[[TestResult name=testSuccessfulLogin status=SUCCESS method=LoginTest.testSuccessfulLogin()[pri:1, instance:tests.LoginTest@22a637e7] output={null}]]]>
              </value>
            </param>
          </params>
          <reporter-output>
          </reporter-output>
        </test-method> <!-- tearDown -->
        <test-method is-config="true" signature="setUp(java.lang.reflect.Method)[pri:0, instance:tests.LoginTest@22a637e7]" started-at="2026-04-06T15:07:26 AST" name="setUp" finished-at="2026-04-06T15:07:29 AST" duration-ms="3371" status="PASS">
          <params>
            <param index="0">
              <value>
                <![CDATA[public void tests.LoginTest.testInvalidCredentials()]]>
              </value>
            </param>
          </params>
          <reporter-output>
          </reporter-output>
        </test-method> <!-- setUp -->
        <test-method signature="testInvalidCredentials()[pri:2, instance:tests.LoginTest@22a637e7]" started-at="2026-04-06T15:07:29 AST" name="testInvalidCredentials" description="Test login with invalid credentials and verify error message" finished-at="2026-04-06T15:07:32 AST" duration-ms="3192" status="PASS">
          <reporter-output>
          </reporter-output>
        </test-method> <!-- testInvalidCredentials -->
        <test-method is-config="true" signature="tearDown(org.testng.ITestResult)[pri:0, instance:tests.LoginTest@22a637e7]" started-at="2026-04-06T15:07:32 AST" name="tearDown" finished-at="2026-04-06T15:07:34 AST" duration-ms="2011" status="PASS">
          <params>
            <param index="0">
              <value>
                <![CDATA[[TestResult name=testInvalidCredentials status=SUCCESS method=LoginTest.testInvalidCredentials()[pri:2, instance:tests.LoginTest@22a637e7] output={null}]]]>
              </value>
            </param>
          </params>
          <reporter-output>
          </reporter-output>
        </test-method> <!-- tearDown -->
        <test-method is-config="true" signature="setUp(java.lang.reflect.Method)[pri:0, instance:tests.LoginTest@22a637e7]" started-at="2026-04-06T15:07:34 AST" name="setUp" finished-at="2026-04-06T15:07:38 AST" duration-ms="3443" status="PASS">
          <params>
            <param index="0">
              <value>
                <![CDATA[public void tests.LoginTest.testEmptyFields()]]>
              </value>
            </param>
          </params>
          <reporter-output>
          </reporter-output>
        </test-method> <!-- setUp -->
        <test-method signature="testEmptyFields()[pri:3, instance:tests.LoginTest@22a637e7]" started-at="2026-04-06T15:07:38 AST" name="testEmptyFields" description="Test login with empty fields and verify error messages" finished-at="2026-04-06T15:07:45 AST" duration-ms="7044" status="PASS">
          <reporter-output>
          </reporter-output>
        </test-method> <!-- testEmptyFields -->
        <test-method is-config="true" signature="tearDown(org.testng.ITestResult)[pri:0, instance:tests.LoginTest@22a637e7]" started-at="2026-04-06T15:07:45 AST" name="tearDown" finished-at="2026-04-06T15:07:45 AST" duration-ms="477" status="PASS">
          <params>
            <param index="0">
              <value>
                <![CDATA[[TestResult name=testEmptyFields status=SUCCESS method=LoginTest.testEmptyFields()[pri:3, instance:tests.LoginTest@22a637e7] output={null}]]]>
              </value>
            </param>
          </params>
          <reporter-output>
          </reporter-output>
        </test-method> <!-- tearDown -->
      </class> <!-- tests.LoginTest -->
      <class name="tests.BaseTest">
        <test-method is-config="true" signature="beforeSuite()[pri:0, instance:tests.BaseTest@ef9296d]" started-at="2026-04-06T15:07:13 AST" name="beforeSuite" finished-at="2026-04-06T15:07:13 AST" duration-ms="405" status="PASS">
          <reporter-output>
          </reporter-output>
        </test-method> <!-- beforeSuite -->
        <test-method is-config="true" signature="afterSuite()[pri:0, instance:tests.BaseTest@ef9296d]" started-at="2026-04-06T15:07:45 AST" name="afterSuite" finished-at="2026-04-06T15:07:46 AST" duration-ms="1079" status="PASS">
          <reporter-output>
          </reporter-output>
        </test-method> <!-- afterSuite -->
      </class> <!-- tests.BaseTest -->
    </test> <!-- Surefire test -->
  </suite> <!-- Surefire suite -->
</testng-results>
