<?xml version="1.0" encoding="UTF-8"?>
<!-- Generated by org.testng.reporters.JUnitReportReporter -->
<testsuite hostname="TOC2LTMHALSAYED" failures="0" tests="3" name="tests.LoginTest" time="31.791" errors="0" timestamp="2026-04-07T12:28:09 AST" skipped="0">
  <testcase classname="tests.LoginTest" name="testSuccessfulLogin" time="14.069"/>
  <testcase classname="tests.LoginTest" name="testInvalidCredentials" time="6.605"/>
  <testcase classname="tests.LoginTest" name="testEmptyFields" time="11.117"/>
</testsuite> <!-- tests.LoginTest -->
