<?xml version="1.0" encoding="UTF-8"?>
<!-- Generated by org.testng.reporters.JUnitReportReporter -->
<testsuite hostname="TOC2LTMHALSAYED" failures="0" tests="3" name="tests.LoginTest" time="31.949" errors="0" timestamp="2026-04-06T15:07:47 AST" skipped="0">
  <testcase classname="tests.LoginTest" name="testSuccessfulLogin" time="11.740"/>
  <testcase classname="tests.LoginTest" name="testInvalidCredentials" time="9.239"/>
  <testcase classname="tests.LoginTest" name="testEmptyFields" time="10.970"/>
</testsuite> <!-- tests.LoginTest -->
