<?xml version="1.0" encoding="UTF-8"?>
<!-- Generated by org.testng.reporters.JUnitXMLReporter -->
<testsuite ignored="0" hostname="TOC2LTMHALSAYED" failures="0" tests="3" name="LoginTests" time="32.812" errors="0" timestamp="2026-04-06T14:44:27 AST">
  <testcase classname="tests.LoginTest" name="testSuccessfulLogin" time="6.203"/>
  <testcase classname="tests.LoginTest" name="testInvalidCredentials" time="2.626"/>
  <testcase classname="tests.LoginTest" name="testEmptyFields" time="7.449"/>
</testsuite> <!-- LoginTests -->
